*** Using Compiler 'V5.06 update 7 (build 960)', folder: 'C:\Keil_v5\ARM\ARMCC\Bin'
Build target 'Target 1'
compiling timertest.c...
assembling STM32F10x.s...
compiling stm32f10x_gpio.c...
compiling list.c...
assembling cortexm3_macro_rvds.s...
compiling stm32f10x_rcc.c...
compiling main.c...
compiling stm32f10x_lib.c...
compiling stm32f10x_usart.c...
compiling stm32f10x_nvic.c...
compiling stm32f10x_systick.c...
compiling stm32f10x_spi.c...
compiling serial.c...
compiling queue.c...
compiling stm32f10x_tim.c...
compiling tasks.c...
compiling heap_2.c...
compiling port.c...
linking...
Program Size: Code=12088 RO-data=304 RW-data=124 ZI-data=18124  
".\RTOSDemo.axf" - 0 Error(s), 0 Warning(s).
Build Time Elapsed:  00:00:01
